

============================== 2022-08-27 20:19:25.027681 | 82b269ae-1454-415d-9341-3adbe63c2ef3 ==============================
[0m20:19:25.027698 [info ] [MainThread]: Running with dbt=1.3.0-b1
[0m20:19:25.028304 [debug] [MainThread]: running dbt with arguments {'write_json': True, 'use_colors': True, 'printer_width': 80, 'version_check': True, 'partial_parse': True, 'static_parser': True, 'profiles_dir': '/home/rodrigo/.dbt', 'send_anonymous_usage_stats': True, 'event_buffer_size': 100000, 'quiet': False, 'no_print': False, 'config_dir': False, 'which': 'debug', 'indirect_selection': 'eager'}
[0m20:19:25.028650 [debug] [MainThread]: Tracking: tracking
[0m20:19:25.030098 [debug] [MainThread]: Sending event: {'category': 'dbt', 'action': 'invocation', 'label': 'start', 'context': [<snowplow_tracker.self_describing_json.SelfDescribingJson object at 0x7f45b1cd7370>, <snowplow_tracker.self_describing_json.SelfDescribingJson object at 0x7f45b1c97340>, <snowplow_tracker.self_describing_json.SelfDescribingJson object at 0x7f45b1c967a0>]}
[0m20:19:25.084866 [debug] [MainThread]: Executing "git --help"
[0m20:19:25.086978 [debug] [MainThread]: STDOUT: "b"usage: git [--version] [--help] [-C <path>] [-c <name>=<value>]\n           [--exec-path[=<path>]] [--html-path] [--man-path] [--info-path]\n           [-p | --paginate | -P | --no-pager] [--no-replace-objects] [--bare]\n           [--git-dir=<path>] [--work-tree=<path>] [--namespace=<name>]\n           [--super-prefix=<path>] [--config-env=<name>=<envvar>]\n           <command> [<args>]\n\nThese are common Git commands used in various situations:\n\nstart a working area (see also: git help tutorial)\n   clone     Clone a repository into a new directory\n   init      Create an empty Git repository or reinitialize an existing one\n\nwork on the current change (see also: git help everyday)\n   add       Add file contents to the index\n   mv        Move or rename a file, a directory, or a symlink\n   restore   Restore working tree files\n   rm        Remove files from the working tree and from the index\n\nexamine the history and state (see also: git help revisions)\n   bisect    Use binary search to find the commit that introduced a bug\n   diff      Show changes between commits, commit and working tree, etc\n   grep      Print lines matching a pattern\n   log       Show commit logs\n   show      Show various types of objects\n   status    Show the working tree status\n\ngrow, mark and tweak your common history\n   branch    List, create, or delete branches\n   commit    Record changes to the repository\n   merge     Join two or more development histories together\n   rebase    Reapply commits on top of another base tip\n   reset     Reset current HEAD to the specified state\n   switch    Switch branches\n   tag       Create, list, delete or verify a tag object signed with GPG\n\ncollaborate (see also: git help workflows)\n   fetch     Download objects and refs from another repository\n   pull      Fetch from and integrate with another repository or a local branch\n   push      Update remote refs along with associated objects\n\n'git help -a' and 'git help -g' list available subcommands and some\nconcept guides. See 'git help <command>' or 'git help <concept>'\nto read about a specific subcommand or concept.\nSee 'git help git' for an overview of the system.\n""
[0m20:19:25.087189 [debug] [MainThread]: STDERR: "b''"
[0m20:19:25.088330 [debug] [MainThread]: Acquiring new postgres connection "debug"
[0m20:19:25.088612 [debug] [MainThread]: Using postgres connection "debug"
[0m20:19:25.088779 [debug] [MainThread]: On debug: select 1 as id
[0m20:19:25.088912 [debug] [MainThread]: Opening a new connection, currently in state init
[0m20:19:26.497172 [debug] [MainThread]: SQL status: SELECT 1 in 1.41 seconds
[0m20:19:26.497846 [debug] [MainThread]: On debug: Close
[0m20:19:26.498152 [debug] [MainThread]: Sending event: {'category': 'dbt', 'action': 'invocation', 'label': 'end', 'context': [<snowplow_tracker.self_describing_json.SelfDescribingJson object at 0x7f45b1c97280>, <snowplow_tracker.self_describing_json.SelfDescribingJson object at 0x7f45b1c96680>, <snowplow_tracker.self_describing_json.SelfDescribingJson object at 0x7f45b1c96380>]}
[0m20:19:26.498377 [debug] [MainThread]: Flushing usage events
[0m20:19:27.117290 [debug] [MainThread]: Connection 'debug' was properly closed.


============================== 2022-08-28 12:47:09.278429 | f731f7e4-2ae6-4726-9e6f-e4142112f3a8 ==============================
[0m12:47:09.278441 [info ] [MainThread]: Running with dbt=1.3.0-b1
[0m12:47:09.278795 [debug] [MainThread]: running dbt with arguments {'write_json': True, 'use_colors': True, 'printer_width': 80, 'version_check': True, 'partial_parse': True, 'static_parser': True, 'profiles_dir': '/home/rodrigo/.dbt', 'send_anonymous_usage_stats': True, 'event_buffer_size': 100000, 'quiet': False, 'no_print': False, 'which': 'run', 'rpc_method': 'run', 'indirect_selection': 'eager'}
[0m12:47:09.278940 [debug] [MainThread]: Tracking: tracking
[0m12:47:09.290789 [debug] [MainThread]: Sending event: {'category': 'dbt', 'action': 'invocation', 'label': 'start', 'context': [<snowplow_tracker.self_describing_json.SelfDescribingJson object at 0x7f7c36c71f60>, <snowplow_tracker.self_describing_json.SelfDescribingJson object at 0x7f7c36c703a0>, <snowplow_tracker.self_describing_json.SelfDescribingJson object at 0x7f7c36c71ba0>]}
[0m12:47:09.362120 [info ] [MainThread]: Partial parse save file not found. Starting full parse.
[0m12:47:09.362696 [debug] [MainThread]: Sending event: {'category': 'dbt', 'action': 'partial_parser', 'label': 'f731f7e4-2ae6-4726-9e6f-e4142112f3a8', 'context': [<snowplow_tracker.self_describing_json.SelfDescribingJson object at 0x7f7c36d6d720>]}
[0m12:47:09.534426 [debug] [MainThread]: Parsing macros/catalog.sql
[0m12:47:09.568941 [debug] [MainThread]: Parsing macros/relations.sql
[0m12:47:09.570496 [debug] [MainThread]: Parsing macros/adapters.sql
[0m12:47:09.591019 [debug] [MainThread]: Parsing macros/materializations/snapshot_merge.sql
[0m12:47:09.592393 [debug] [MainThread]: Parsing macros/materializations/incremental_strategies.sql
[0m12:47:09.593635 [debug] [MainThread]: Parsing macros/utils/last_day.sql
[0m12:47:09.594790 [debug] [MainThread]: Parsing macros/utils/listagg.sql
[0m12:47:09.595892 [debug] [MainThread]: Parsing macros/utils/dateadd.sql
[0m12:47:09.596393 [debug] [MainThread]: Parsing macros/utils/any_value.sql
[0m12:47:09.596839 [debug] [MainThread]: Parsing macros/utils/split_part.sql
[0m12:47:09.597777 [debug] [MainThread]: Parsing macros/utils/datediff.sql
[0m12:47:09.602885 [debug] [MainThread]: Parsing macros/materializations/hooks.sql
[0m12:47:09.606109 [debug] [MainThread]: Parsing macros/materializations/configs.sql
[0m12:47:09.608266 [debug] [MainThread]: Parsing macros/materializations/tests/test.sql
[0m12:47:09.612157 [debug] [MainThread]: Parsing macros/materializations/tests/where_subquery.sql
[0m12:47:09.613641 [debug] [MainThread]: Parsing macros/materializations/tests/helpers.sql
[0m12:47:09.615114 [debug] [MainThread]: Parsing macros/materializations/snapshots/snapshot_merge.sql
[0m12:47:09.616522 [debug] [MainThread]: Parsing macros/materializations/snapshots/strategies.sql
[0m12:47:09.630756 [debug] [MainThread]: Parsing macros/materializations/snapshots/snapshot.sql
[0m12:47:09.639951 [debug] [MainThread]: Parsing macros/materializations/snapshots/helpers.sql
[0m12:47:09.650450 [debug] [MainThread]: Parsing macros/materializations/models/view/view.sql
[0m12:47:09.654920 [debug] [MainThread]: Parsing macros/materializations/models/view/create_view_as.sql
[0m12:47:09.656827 [debug] [MainThread]: Parsing macros/materializations/models/view/helpers.sql
[0m12:47:09.658165 [debug] [MainThread]: Parsing macros/materializations/models/view/create_or_replace_view.sql
[0m12:47:09.660821 [debug] [MainThread]: Parsing macros/materializations/models/table/table.sql
[0m12:47:09.665477 [debug] [MainThread]: Parsing macros/materializations/models/table/create_table_as.sql
[0m12:47:09.668462 [debug] [MainThread]: Parsing macros/materializations/models/incremental/column_helpers.sql
[0m12:47:09.672885 [debug] [MainThread]: Parsing macros/materializations/models/incremental/is_incremental.sql
[0m12:47:09.674166 [debug] [MainThread]: Parsing macros/materializations/models/incremental/strategies.sql
[0m12:47:09.680150 [debug] [MainThread]: Parsing macros/materializations/models/incremental/incremental.sql
[0m12:47:09.688497 [debug] [MainThread]: Parsing macros/materializations/models/incremental/merge.sql
[0m12:47:09.700060 [debug] [MainThread]: Parsing macros/materializations/models/incremental/on_schema_change.sql
[0m12:47:09.713072 [debug] [MainThread]: Parsing macros/materializations/seeds/seed.sql
[0m12:47:09.718650 [debug] [MainThread]: Parsing macros/materializations/seeds/helpers.sql
[0m12:47:09.733277 [debug] [MainThread]: Parsing macros/adapters/metadata.sql
[0m12:47:09.739090 [debug] [MainThread]: Parsing macros/adapters/persist_docs.sql
[0m12:47:09.742772 [debug] [MainThread]: Parsing macros/adapters/freshness.sql
[0m12:47:09.745191 [debug] [MainThread]: Parsing macros/adapters/relation.sql
[0m12:47:09.757120 [debug] [MainThread]: Parsing macros/adapters/indexes.sql
[0m12:47:09.759330 [debug] [MainThread]: Parsing macros/adapters/schema.sql
[0m12:47:09.761099 [debug] [MainThread]: Parsing macros/adapters/apply_grants.sql
[0m12:47:09.773006 [debug] [MainThread]: Parsing macros/adapters/columns.sql
[0m12:47:09.784007 [debug] [MainThread]: Parsing macros/generic_test_sql/not_null.sql
[0m12:47:09.784891 [debug] [MainThread]: Parsing macros/generic_test_sql/unique.sql
[0m12:47:09.785600 [debug] [MainThread]: Parsing macros/generic_test_sql/accepted_values.sql
[0m12:47:09.786929 [debug] [MainThread]: Parsing macros/generic_test_sql/relationships.sql
[0m12:47:09.787777 [debug] [MainThread]: Parsing macros/python_model/python.sql
[0m12:47:09.792940 [debug] [MainThread]: Parsing macros/get_custom_name/get_custom_database.sql
[0m12:47:09.794462 [debug] [MainThread]: Parsing macros/get_custom_name/get_custom_alias.sql
[0m12:47:09.795867 [debug] [MainThread]: Parsing macros/get_custom_name/get_custom_schema.sql
[0m12:47:09.798139 [debug] [MainThread]: Parsing macros/etc/statement.sql
[0m12:47:09.803106 [debug] [MainThread]: Parsing macros/etc/datetime.sql
[0m12:47:09.810450 [debug] [MainThread]: Parsing macros/utils/replace.sql
[0m12:47:09.811802 [debug] [MainThread]: Parsing macros/utils/last_day.sql
[0m12:47:09.813739 [debug] [MainThread]: Parsing macros/utils/right.sql
[0m12:47:09.814738 [debug] [MainThread]: Parsing macros/utils/listagg.sql
[0m12:47:09.816634 [debug] [MainThread]: Parsing macros/utils/literal.sql
[0m12:47:09.817996 [debug] [MainThread]: Parsing macros/utils/except.sql
[0m12:47:09.818862 [debug] [MainThread]: Parsing macros/utils/dateadd.sql
[0m12:47:09.820018 [debug] [MainThread]: Parsing macros/utils/any_value.sql
[0m12:47:09.820835 [debug] [MainThread]: Parsing macros/utils/position.sql
[0m12:47:09.821748 [debug] [MainThread]: Parsing macros/utils/bool_or.sql
[0m12:47:09.822541 [debug] [MainThread]: Parsing macros/utils/split_part.sql
[0m12:47:09.824555 [debug] [MainThread]: Parsing macros/utils/escape_single_quotes.sql
[0m12:47:09.825547 [debug] [MainThread]: Parsing macros/utils/hash.sql
[0m12:47:09.826466 [debug] [MainThread]: Parsing macros/utils/safe_cast.sql
[0m12:47:09.827509 [debug] [MainThread]: Parsing macros/utils/datediff.sql
[0m12:47:09.828602 [debug] [MainThread]: Parsing macros/utils/data_types.sql
[0m12:47:09.833679 [debug] [MainThread]: Parsing macros/utils/cast_bool_to_text.sql
[0m12:47:09.835081 [debug] [MainThread]: Parsing macros/utils/length.sql
[0m12:47:09.835940 [debug] [MainThread]: Parsing macros/utils/concat.sql
[0m12:47:09.836795 [debug] [MainThread]: Parsing macros/utils/intersect.sql
[0m12:47:09.837562 [debug] [MainThread]: Parsing macros/utils/date_trunc.sql
[0m12:47:09.838476 [debug] [MainThread]: Parsing tests/generic/builtin.sql
[0m12:47:10.093414 [debug] [MainThread]: 1699: static parser successfully parsed prod/faturamento_modelo.sql
[0m12:47:10.105013 [debug] [MainThread]: 1699: static parser successfully parsed prod/faturamento_ano.sql
[0m12:47:10.135785 [warn ] [MainThread]: [[33mWARNING[0m]: Configuration paths exist in your dbt_project.yml file which do not apply to any resources.
There are 1 unused configuration paths:
- models.analytics_edz.example

[0m12:47:10.140361 [debug] [MainThread]: Sending event: {'category': 'dbt', 'action': 'load_project', 'label': 'f731f7e4-2ae6-4726-9e6f-e4142112f3a8', 'context': [<snowplow_tracker.self_describing_json.SelfDescribingJson object at 0x7f7c3619b370>]}
[0m12:47:10.146206 [debug] [MainThread]: Sending event: {'category': 'dbt', 'action': 'resource_counts', 'label': 'f731f7e4-2ae6-4726-9e6f-e4142112f3a8', 'context': [<snowplow_tracker.self_describing_json.SelfDescribingJson object at 0x7f7c36d6f910>]}
[0m12:47:10.146718 [info ] [MainThread]: Found 2 models, 0 tests, 0 snapshots, 0 analyses, 273 macros, 0 operations, 0 seed files, 0 sources, 0 exposures, 0 metrics
[0m12:47:10.147008 [debug] [MainThread]: Sending event: {'category': 'dbt', 'action': 'runnable_timing', 'label': 'f731f7e4-2ae6-4726-9e6f-e4142112f3a8', 'context': [<snowplow_tracker.self_describing_json.SelfDescribingJson object at 0x7f7c3611c910>]}
[0m12:47:10.148137 [info ] [MainThread]: 
[0m12:47:10.148873 [debug] [MainThread]: Acquiring new postgres connection "master"
[0m12:47:10.151275 [debug] [ThreadPool]: Acquiring new postgres connection "list_coins"
[0m12:47:10.162892 [debug] [ThreadPool]: Using postgres connection "list_coins"
[0m12:47:10.163223 [debug] [ThreadPool]: On list_coins: /* {"app": "dbt", "dbt_version": "1.3.0b1", "profile_name": "analytics_edz", "target_name": "dev", "connection_name": "list_coins"} */

    select distinct nspname from pg_namespace
  
[0m12:47:10.163386 [debug] [ThreadPool]: Opening a new connection, currently in state init
[0m12:47:11.576068 [debug] [ThreadPool]: SQL status: SELECT 4 in 1.41 seconds
[0m12:47:11.577063 [debug] [ThreadPool]: On list_coins: Close
[0m12:47:11.578154 [debug] [ThreadPool]: Acquiring new postgres connection "list_coins_public"
[0m12:47:11.583091 [debug] [ThreadPool]: Using postgres connection "list_coins_public"
[0m12:47:11.583303 [debug] [ThreadPool]: On list_coins_public: BEGIN
[0m12:47:11.583427 [debug] [ThreadPool]: Opening a new connection, currently in state closed
[0m12:47:12.810222 [debug] [ThreadPool]: SQL status: BEGIN in 1.23 seconds
[0m12:47:12.810447 [debug] [ThreadPool]: Using postgres connection "list_coins_public"
[0m12:47:12.810582 [debug] [ThreadPool]: On list_coins_public: /* {"app": "dbt", "dbt_version": "1.3.0b1", "profile_name": "analytics_edz", "target_name": "dev", "connection_name": "list_coins_public"} */
select
      'coins' as database,
      tablename as name,
      schemaname as schema,
      'table' as type
    from pg_tables
    where schemaname ilike 'public'
    union all
    select
      'coins' as database,
      viewname as name,
      schemaname as schema,
      'view' as type
    from pg_views
    where schemaname ilike 'public'
  
[0m12:47:12.948525 [debug] [ThreadPool]: SQL status: SELECT 7 in 0.14 seconds
[0m12:47:12.949769 [debug] [ThreadPool]: On list_coins_public: ROLLBACK
[0m12:47:13.085267 [debug] [ThreadPool]: On list_coins_public: Close
[0m12:47:13.088966 [debug] [MainThread]: Using postgres connection "master"
[0m12:47:13.089185 [debug] [MainThread]: On master: BEGIN
[0m12:47:13.089345 [debug] [MainThread]: Opening a new connection, currently in state init
[0m12:47:14.350458 [debug] [MainThread]: SQL status: BEGIN in 1.26 seconds
[0m12:47:14.350730 [debug] [MainThread]: Using postgres connection "master"
[0m12:47:14.350862 [debug] [MainThread]: On master: /* {"app": "dbt", "dbt_version": "1.3.0b1", "profile_name": "analytics_edz", "target_name": "dev", "connection_name": "master"} */
with relation as (
        select
            pg_rewrite.ev_class as class,
            pg_rewrite.oid as id
        from pg_rewrite
    ),
    class as (
        select
            oid as id,
            relname as name,
            relnamespace as schema,
            relkind as kind
        from pg_class
    ),
    dependency as (
        select distinct
            pg_depend.objid as id,
            pg_depend.refobjid as ref
        from pg_depend
    ),
    schema as (
        select
            pg_namespace.oid as id,
            pg_namespace.nspname as name
        from pg_namespace
        where nspname != 'information_schema' and nspname not like 'pg\_%'
    ),
    referenced as (
        select
            relation.id AS id,
            referenced_class.name ,
            referenced_class.schema ,
            referenced_class.kind
        from relation
        join class as referenced_class on relation.class=referenced_class.id
        where referenced_class.kind in ('r', 'v')
    ),
    relationships as (
        select
            referenced.name as referenced_name,
            referenced.schema as referenced_schema_id,
            dependent_class.name as dependent_name,
            dependent_class.schema as dependent_schema_id,
            referenced.kind as kind
        from referenced
        join dependency on referenced.id=dependency.id
        join class as dependent_class on dependency.ref=dependent_class.id
        where
            (referenced.name != dependent_class.name or
             referenced.schema != dependent_class.schema)
    )

    select
        referenced_schema.name as referenced_schema,
        relationships.referenced_name as referenced_name,
        dependent_schema.name as dependent_schema,
        relationships.dependent_name as dependent_name
    from relationships
    join schema as dependent_schema on relationships.dependent_schema_id=dependent_schema.id
    join schema as referenced_schema on relationships.referenced_schema_id=referenced_schema.id
    group by referenced_schema, referenced_name, dependent_schema, dependent_name
    order by referenced_schema, referenced_name, dependent_schema, dependent_name;
[0m12:47:14.505220 [debug] [MainThread]: SQL status: SELECT 0 in 0.15 seconds
[0m12:47:14.506240 [debug] [MainThread]: Sending event: {'category': 'dbt', 'action': 'runnable_timing', 'label': 'f731f7e4-2ae6-4726-9e6f-e4142112f3a8', 'context': [<snowplow_tracker.self_describing_json.SelfDescribingJson object at 0x7f7c361b3f70>]}
[0m12:47:14.506558 [debug] [MainThread]: On master: ROLLBACK
[0m12:47:14.645363 [debug] [MainThread]: Using postgres connection "master"
[0m12:47:14.645809 [debug] [MainThread]: On master: BEGIN
[0m12:47:14.922709 [debug] [MainThread]: SQL status: BEGIN in 0.28 seconds
[0m12:47:14.922956 [debug] [MainThread]: On master: COMMIT
[0m12:47:14.923089 [debug] [MainThread]: Using postgres connection "master"
[0m12:47:14.923215 [debug] [MainThread]: On master: COMMIT
[0m12:47:15.061967 [debug] [MainThread]: SQL status: COMMIT in 0.14 seconds
[0m12:47:15.062412 [debug] [MainThread]: On master: Close
[0m12:47:15.063248 [info ] [MainThread]: Concurrency: 4 threads (target='dev')
[0m12:47:15.063573 [info ] [MainThread]: 
[0m12:47:15.218531 [debug] [Thread-1 (]: Began running node model.analytics_edz.faturamento_ano
[0m12:47:15.218724 [debug] [Thread-2 (]: Began running node model.analytics_edz.faturamento_modelo
[0m12:47:15.219006 [info ] [Thread-1 (]: 1 of 2 START sql table model public.faturamento_ano ............................ [RUN]
[0m12:47:15.219560 [info ] [Thread-2 (]: 2 of 2 START sql table model public.faturamento_modelo ......................... [RUN]
[0m12:47:15.220414 [debug] [Thread-1 (]: Acquiring new postgres connection "model.analytics_edz.faturamento_ano"
[0m12:47:15.221108 [debug] [Thread-2 (]: Acquiring new postgres connection "model.analytics_edz.faturamento_modelo"
[0m12:47:15.221408 [debug] [Thread-1 (]: Began compiling node model.analytics_edz.faturamento_ano
[0m12:47:15.221631 [debug] [Thread-2 (]: Began compiling node model.analytics_edz.faturamento_modelo
[0m12:47:15.221802 [debug] [Thread-1 (]: Compiling model.analytics_edz.faturamento_ano
[0m12:47:15.221973 [debug] [Thread-2 (]: Compiling model.analytics_edz.faturamento_modelo
[0m12:47:15.224967 [debug] [Thread-1 (]: Writing injected SQL for node "model.analytics_edz.faturamento_ano"
[0m12:47:15.228027 [debug] [Thread-2 (]: Writing injected SQL for node "model.analytics_edz.faturamento_modelo"
[0m12:47:15.228600 [debug] [Thread-1 (]: finished collecting timing info
[0m12:47:15.228792 [debug] [Thread-2 (]: finished collecting timing info
[0m12:47:15.229009 [debug] [Thread-1 (]: Began executing node model.analytics_edz.faturamento_ano
[0m12:47:15.229195 [debug] [Thread-2 (]: Began executing node model.analytics_edz.faturamento_modelo
[0m12:47:15.299633 [debug] [Thread-1 (]: Writing runtime sql for node "model.analytics_edz.faturamento_ano"
[0m12:47:15.302817 [debug] [Thread-2 (]: Writing runtime sql for node "model.analytics_edz.faturamento_modelo"
[0m12:47:15.304858 [debug] [Thread-1 (]: Using postgres connection "model.analytics_edz.faturamento_ano"
[0m12:47:15.305662 [debug] [Thread-2 (]: Using postgres connection "model.analytics_edz.faturamento_modelo"
[0m12:47:15.305970 [debug] [Thread-1 (]: On model.analytics_edz.faturamento_ano: BEGIN
[0m12:47:15.306221 [debug] [Thread-2 (]: On model.analytics_edz.faturamento_modelo: BEGIN
[0m12:47:15.306425 [debug] [Thread-1 (]: Opening a new connection, currently in state closed
[0m12:47:15.306584 [debug] [Thread-2 (]: Opening a new connection, currently in state init
[0m12:47:16.568298 [debug] [Thread-1 (]: SQL status: BEGIN in 1.26 seconds
[0m12:47:16.568529 [debug] [Thread-1 (]: Using postgres connection "model.analytics_edz.faturamento_ano"
[0m12:47:16.568663 [debug] [Thread-1 (]: On model.analytics_edz.faturamento_ano: /* {"app": "dbt", "dbt_version": "1.3.0b1", "profile_name": "analytics_edz", "target_name": "dev", "node_id": "model.analytics_edz.faturamento_ano"} */

  
    

  create  table "coins"."public"."faturamento_ano__dbt_tmp"
  as (
    with faturamento_ano as (

select
  DATE_PART('year', purchased_at ) AS "Ano",
  sum(ap.price) as "Faturameto"
from public.airbyte_purchases pur inner join airbyte_products ap
on pur.product_id = ap.id
group by 1
order by 1

),


select * from faturamento_ano
  );
  
[0m12:47:16.575699 [debug] [Thread-2 (]: SQL status: BEGIN in 1.27 seconds
[0m12:47:16.575933 [debug] [Thread-2 (]: Using postgres connection "model.analytics_edz.faturamento_modelo"
[0m12:47:16.576067 [debug] [Thread-2 (]: On model.analytics_edz.faturamento_modelo: /* {"app": "dbt", "dbt_version": "1.3.0b1", "profile_name": "analytics_edz", "target_name": "dev", "node_id": "model.analytics_edz.faturamento_modelo"} */

  
    

  create  table "coins"."public"."faturamento_modelo__dbt_tmp"
  as (
    with faturamento_model as (

select pro.model as "Model"
      ,sum(pro.price) as "Faturamento"
from public.airbyte_purchases pur inner join airbyte_products pro
on pur.product_id = pro.id
group by pro.model
order by 2 desc

),

select * from faturamento_model
  );
  
[0m12:47:16.704359 [debug] [Thread-1 (]: Postgres adapter: Postgres error: syntax error at or near "select"
LINE 21: select * from faturamento_ano
         ^

[0m12:47:16.704701 [debug] [Thread-1 (]: On model.analytics_edz.faturamento_ano: ROLLBACK
[0m12:47:16.713227 [debug] [Thread-2 (]: Postgres adapter: Postgres error: syntax error at or near "select"
LINE 19: select * from faturamento_model
         ^

[0m12:47:16.713461 [debug] [Thread-2 (]: On model.analytics_edz.faturamento_modelo: ROLLBACK
[0m12:47:16.840185 [debug] [Thread-1 (]: finished collecting timing info
[0m12:47:16.840409 [debug] [Thread-1 (]: On model.analytics_edz.faturamento_ano: Close
[0m12:47:16.840870 [debug] [Thread-1 (]: Database Error in model faturamento_ano (models/prod/faturamento_ano.sql)
  syntax error at or near "select"
  LINE 21: select * from faturamento_ano
           ^
  compiled Code at target/run/analytics_edz/models/prod/faturamento_ano.sql
[0m12:47:16.841133 [debug] [Thread-1 (]: Sending event: {'category': 'dbt', 'action': 'run_model', 'label': 'f731f7e4-2ae6-4726-9e6f-e4142112f3a8', 'context': [<snowplow_tracker.self_describing_json.SelfDescribingJson object at 0x7f7c3619b3a0>]}
[0m12:47:16.841436 [error] [Thread-1 (]: 1 of 2 ERROR creating sql table model public.faturamento_ano ................... [[31mERROR[0m in 1.62s]
[0m12:47:16.841838 [debug] [Thread-1 (]: Finished running node model.analytics_edz.faturamento_ano
[0m12:47:16.850804 [debug] [Thread-2 (]: finished collecting timing info
[0m12:47:16.851209 [debug] [Thread-2 (]: On model.analytics_edz.faturamento_modelo: Close
[0m12:47:16.851955 [debug] [Thread-2 (]: Database Error in model faturamento_modelo (models/prod/faturamento_modelo.sql)
  syntax error at or near "select"
  LINE 19: select * from faturamento_model
           ^
  compiled Code at target/run/analytics_edz/models/prod/faturamento_modelo.sql
[0m12:47:16.852291 [debug] [Thread-2 (]: Sending event: {'category': 'dbt', 'action': 'run_model', 'label': 'f731f7e4-2ae6-4726-9e6f-e4142112f3a8', 'context': [<snowplow_tracker.self_describing_json.SelfDescribingJson object at 0x7f7c36199540>]}
[0m12:47:16.852622 [error] [Thread-2 (]: 2 of 2 ERROR creating sql table model public.faturamento_modelo ................ [[31mERROR[0m in 1.63s]
[0m12:47:16.852993 [debug] [Thread-2 (]: Finished running node model.analytics_edz.faturamento_modelo
[0m12:47:16.854325 [debug] [MainThread]: Acquiring new postgres connection "master"
[0m12:47:16.854588 [debug] [MainThread]: Using postgres connection "master"
[0m12:47:16.854810 [debug] [MainThread]: On master: BEGIN
[0m12:47:16.855032 [debug] [MainThread]: Opening a new connection, currently in state closed
[0m12:47:18.084519 [debug] [MainThread]: SQL status: BEGIN in 1.23 seconds
[0m12:47:18.084765 [debug] [MainThread]: On master: COMMIT
[0m12:47:18.084924 [debug] [MainThread]: Using postgres connection "master"
[0m12:47:18.085042 [debug] [MainThread]: On master: COMMIT
[0m12:47:18.220437 [debug] [MainThread]: SQL status: COMMIT in 0.14 seconds
[0m12:47:18.220774 [debug] [MainThread]: On master: Close
[0m12:47:18.221451 [info ] [MainThread]: 
[0m12:47:18.221725 [info ] [MainThread]: Finished running 2 table models in 0 hours 0 minutes and 8.07 seconds (8.07s).
[0m12:47:18.221953 [debug] [MainThread]: Connection 'master' was properly closed.
[0m12:47:18.222088 [debug] [MainThread]: Connection 'model.analytics_edz.faturamento_ano' was properly closed.
[0m12:47:18.222245 [debug] [MainThread]: Connection 'model.analytics_edz.faturamento_modelo' was properly closed.
[0m12:47:18.226785 [info ] [MainThread]: 
[0m12:47:18.227109 [info ] [MainThread]: [31mCompleted with 2 errors and 0 warnings:[0m
[0m12:47:18.227564 [info ] [MainThread]: 
[0m12:47:18.227924 [error] [MainThread]: [33mDatabase Error in model faturamento_ano (models/prod/faturamento_ano.sql)[0m
[0m12:47:18.228375 [error] [MainThread]:   syntax error at or near "select"
[0m12:47:18.228697 [error] [MainThread]:   LINE 21: select * from faturamento_ano
[0m12:47:18.229016 [error] [MainThread]:            ^
[0m12:47:18.229317 [error] [MainThread]:   compiled Code at target/run/analytics_edz/models/prod/faturamento_ano.sql
[0m12:47:18.229578 [info ] [MainThread]: 
[0m12:47:18.229868 [error] [MainThread]: [33mDatabase Error in model faturamento_modelo (models/prod/faturamento_modelo.sql)[0m
[0m12:47:18.230215 [error] [MainThread]:   syntax error at or near "select"
[0m12:47:18.230508 [error] [MainThread]:   LINE 19: select * from faturamento_model
[0m12:47:18.231101 [error] [MainThread]:            ^
[0m12:47:18.231810 [error] [MainThread]:   compiled Code at target/run/analytics_edz/models/prod/faturamento_modelo.sql
[0m12:47:18.232115 [info ] [MainThread]: 
[0m12:47:18.232462 [info ] [MainThread]: Done. PASS=0 WARN=0 ERROR=2 SKIP=0 TOTAL=2
[0m12:47:18.233068 [debug] [MainThread]: Sending event: {'category': 'dbt', 'action': 'invocation', 'label': 'end', 'context': [<snowplow_tracker.self_describing_json.SelfDescribingJson object at 0x7f7c361f2da0>, <snowplow_tracker.self_describing_json.SelfDescribingJson object at 0x7f7c361f3610>, <snowplow_tracker.self_describing_json.SelfDescribingJson object at 0x7f7c361f3160>]}
[0m12:47:18.233473 [debug] [MainThread]: Flushing usage events


============================== 2022-08-28 12:49:18.599015 | 6e248ff1-2cab-4b2a-8fb5-67f5ced43ae3 ==============================
[0m12:49:18.599026 [info ] [MainThread]: Running with dbt=1.3.0-b1
[0m12:49:18.599361 [debug] [MainThread]: running dbt with arguments {'write_json': True, 'use_colors': True, 'printer_width': 80, 'version_check': True, 'partial_parse': True, 'static_parser': True, 'profiles_dir': '/home/rodrigo/.dbt', 'send_anonymous_usage_stats': True, 'event_buffer_size': 100000, 'quiet': False, 'no_print': False, 'which': 'run', 'rpc_method': 'run', 'indirect_selection': 'eager'}
[0m12:49:18.599535 [debug] [MainThread]: Tracking: tracking
[0m12:49:18.601059 [debug] [MainThread]: Sending event: {'category': 'dbt', 'action': 'invocation', 'label': 'start', 'context': [<snowplow_tracker.self_describing_json.SelfDescribingJson object at 0x7fa8d9477d00>, <snowplow_tracker.self_describing_json.SelfDescribingJson object at 0x7fa8d9476890>, <snowplow_tracker.self_describing_json.SelfDescribingJson object at 0x7fa8d9476d70>]}
[0m12:49:18.647417 [debug] [MainThread]: Partial parsing enabled: 0 files deleted, 0 files added, 1 files changed.
[0m12:49:18.647797 [debug] [MainThread]: Partial parsing: updated file: analytics_edz://models/prod/faturamento_ano.sql
[0m12:49:18.659928 [debug] [MainThread]: 1699: static parser successfully parsed prod/faturamento_ano.sql
[0m12:49:18.684550 [warn ] [MainThread]: [[33mWARNING[0m]: Configuration paths exist in your dbt_project.yml file which do not apply to any resources.
There are 1 unused configuration paths:
- models.analytics_edz.example

[0m12:49:18.690449 [debug] [MainThread]: Sending event: {'category': 'dbt', 'action': 'load_project', 'label': '6e248ff1-2cab-4b2a-8fb5-67f5ced43ae3', 'context': [<snowplow_tracker.self_describing_json.SelfDescribingJson object at 0x7fa8d83290f0>]}
[0m12:49:18.741545 [debug] [MainThread]: Sending event: {'category': 'dbt', 'action': 'resource_counts', 'label': '6e248ff1-2cab-4b2a-8fb5-67f5ced43ae3', 'context': [<snowplow_tracker.self_describing_json.SelfDescribingJson object at 0x7fa8d947b580>]}
[0m12:49:18.742155 [info ] [MainThread]: Found 2 models, 0 tests, 0 snapshots, 0 analyses, 273 macros, 0 operations, 0 seed files, 0 sources, 0 exposures, 0 metrics
[0m12:49:18.742737 [debug] [MainThread]: Sending event: {'category': 'dbt', 'action': 'runnable_timing', 'label': '6e248ff1-2cab-4b2a-8fb5-67f5ced43ae3', 'context': [<snowplow_tracker.self_describing_json.SelfDescribingJson object at 0x7fa8db611ae0>]}
[0m12:49:18.744144 [info ] [MainThread]: 
[0m12:49:18.745070 [debug] [MainThread]: Acquiring new postgres connection "master"
[0m12:49:18.746173 [debug] [ThreadPool]: Acquiring new postgres connection "list_coins"
[0m12:49:18.757628 [debug] [ThreadPool]: Using postgres connection "list_coins"
[0m12:49:18.757858 [debug] [ThreadPool]: On list_coins: /* {"app": "dbt", "dbt_version": "1.3.0b1", "profile_name": "analytics_edz", "target_name": "dev", "connection_name": "list_coins"} */

    select distinct nspname from pg_namespace
  
[0m12:49:18.758006 [debug] [ThreadPool]: Opening a new connection, currently in state init
[0m12:49:20.023727 [debug] [ThreadPool]: SQL status: SELECT 4 in 1.27 seconds
[0m12:49:20.024751 [debug] [ThreadPool]: On list_coins: Close
[0m12:49:20.025847 [debug] [ThreadPool]: Acquiring new postgres connection "list_coins_public"
[0m12:49:20.030556 [debug] [ThreadPool]: Using postgres connection "list_coins_public"
[0m12:49:20.030774 [debug] [ThreadPool]: On list_coins_public: BEGIN
[0m12:49:20.030900 [debug] [ThreadPool]: Opening a new connection, currently in state closed
[0m12:49:21.291072 [debug] [ThreadPool]: SQL status: BEGIN in 1.26 seconds
[0m12:49:21.291314 [debug] [ThreadPool]: Using postgres connection "list_coins_public"
[0m12:49:21.291453 [debug] [ThreadPool]: On list_coins_public: /* {"app": "dbt", "dbt_version": "1.3.0b1", "profile_name": "analytics_edz", "target_name": "dev", "connection_name": "list_coins_public"} */
select
      'coins' as database,
      tablename as name,
      schemaname as schema,
      'table' as type
    from pg_tables
    where schemaname ilike 'public'
    union all
    select
      'coins' as database,
      viewname as name,
      schemaname as schema,
      'view' as type
    from pg_views
    where schemaname ilike 'public'
  
[0m12:49:21.432833 [debug] [ThreadPool]: SQL status: SELECT 7 in 0.14 seconds
[0m12:49:21.434068 [debug] [ThreadPool]: On list_coins_public: ROLLBACK
[0m12:49:21.573080 [debug] [ThreadPool]: On list_coins_public: Close
[0m12:49:21.576883 [debug] [MainThread]: Using postgres connection "master"
[0m12:49:21.577095 [debug] [MainThread]: On master: BEGIN
[0m12:49:21.577232 [debug] [MainThread]: Opening a new connection, currently in state init
[0m12:49:22.789535 [debug] [MainThread]: SQL status: BEGIN in 1.21 seconds
[0m12:49:22.789765 [debug] [MainThread]: Using postgres connection "master"
[0m12:49:22.789899 [debug] [MainThread]: On master: /* {"app": "dbt", "dbt_version": "1.3.0b1", "profile_name": "analytics_edz", "target_name": "dev", "connection_name": "master"} */
with relation as (
        select
            pg_rewrite.ev_class as class,
            pg_rewrite.oid as id
        from pg_rewrite
    ),
    class as (
        select
            oid as id,
            relname as name,
            relnamespace as schema,
            relkind as kind
        from pg_class
    ),
    dependency as (
        select distinct
            pg_depend.objid as id,
            pg_depend.refobjid as ref
        from pg_depend
    ),
    schema as (
        select
            pg_namespace.oid as id,
            pg_namespace.nspname as name
        from pg_namespace
        where nspname != 'information_schema' and nspname not like 'pg\_%'
    ),
    referenced as (
        select
            relation.id AS id,
            referenced_class.name ,
            referenced_class.schema ,
            referenced_class.kind
        from relation
        join class as referenced_class on relation.class=referenced_class.id
        where referenced_class.kind in ('r', 'v')
    ),
    relationships as (
        select
            referenced.name as referenced_name,
            referenced.schema as referenced_schema_id,
            dependent_class.name as dependent_name,
            dependent_class.schema as dependent_schema_id,
            referenced.kind as kind
        from referenced
        join dependency on referenced.id=dependency.id
        join class as dependent_class on dependency.ref=dependent_class.id
        where
            (referenced.name != dependent_class.name or
             referenced.schema != dependent_class.schema)
    )

    select
        referenced_schema.name as referenced_schema,
        relationships.referenced_name as referenced_name,
        dependent_schema.name as dependent_schema,
        relationships.dependent_name as dependent_name
    from relationships
    join schema as dependent_schema on relationships.dependent_schema_id=dependent_schema.id
    join schema as referenced_schema on relationships.referenced_schema_id=referenced_schema.id
    group by referenced_schema, referenced_name, dependent_schema, dependent_name
    order by referenced_schema, referenced_name, dependent_schema, dependent_name;
[0m12:49:22.937268 [debug] [MainThread]: SQL status: SELECT 0 in 0.15 seconds
[0m12:49:22.938195 [debug] [MainThread]: Sending event: {'category': 'dbt', 'action': 'runnable_timing', 'label': '6e248ff1-2cab-4b2a-8fb5-67f5ced43ae3', 'context': [<snowplow_tracker.self_describing_json.SelfDescribingJson object at 0x7fa8d947b460>]}
[0m12:49:22.938474 [debug] [MainThread]: On master: ROLLBACK
[0m12:49:23.072347 [debug] [MainThread]: Using postgres connection "master"
[0m12:49:23.072608 [debug] [MainThread]: On master: BEGIN
[0m12:49:23.339893 [debug] [MainThread]: SQL status: BEGIN in 0.27 seconds
[0m12:49:23.340221 [debug] [MainThread]: On master: COMMIT
[0m12:49:23.340444 [debug] [MainThread]: Using postgres connection "master"
[0m12:49:23.340574 [debug] [MainThread]: On master: COMMIT
[0m12:49:23.473794 [debug] [MainThread]: SQL status: COMMIT in 0.13 seconds
[0m12:49:23.474068 [debug] [MainThread]: On master: Close
[0m12:49:23.474617 [info ] [MainThread]: Concurrency: 4 threads (target='dev')
[0m12:49:23.474928 [info ] [MainThread]: 
[0m12:49:23.478460 [debug] [Thread-1 (]: Began running node model.analytics_edz.faturamento_ano
[0m12:49:23.478657 [debug] [Thread-2 (]: Began running node model.analytics_edz.faturamento_modelo
[0m12:49:23.478939 [info ] [Thread-1 (]: 1 of 2 START sql table model public.faturamento_ano ............................ [RUN]
[0m12:49:23.479169 [info ] [Thread-2 (]: 2 of 2 START sql table model public.faturamento_modelo ......................... [RUN]
[0m12:49:23.480006 [debug] [Thread-1 (]: Acquiring new postgres connection "model.analytics_edz.faturamento_ano"
[0m12:49:23.480605 [debug] [Thread-2 (]: Acquiring new postgres connection "model.analytics_edz.faturamento_modelo"
[0m12:49:23.480901 [debug] [Thread-1 (]: Began compiling node model.analytics_edz.faturamento_ano
[0m12:49:23.481095 [debug] [Thread-2 (]: Began compiling node model.analytics_edz.faturamento_modelo
[0m12:49:23.481330 [debug] [Thread-1 (]: Compiling model.analytics_edz.faturamento_ano
[0m12:49:23.481547 [debug] [Thread-2 (]: Compiling model.analytics_edz.faturamento_modelo
[0m12:49:23.483685 [debug] [Thread-1 (]: Writing injected SQL for node "model.analytics_edz.faturamento_ano"
[0m12:49:23.485069 [debug] [Thread-2 (]: Writing injected SQL for node "model.analytics_edz.faturamento_modelo"
[0m12:49:23.485556 [debug] [Thread-2 (]: finished collecting timing info
[0m12:49:23.485702 [debug] [Thread-1 (]: finished collecting timing info
[0m12:49:23.485930 [debug] [Thread-2 (]: Began executing node model.analytics_edz.faturamento_modelo
[0m12:49:23.486098 [debug] [Thread-1 (]: Began executing node model.analytics_edz.faturamento_ano
[0m12:49:23.570618 [debug] [Thread-1 (]: Writing runtime sql for node "model.analytics_edz.faturamento_ano"
[0m12:49:23.570987 [debug] [Thread-2 (]: Writing runtime sql for node "model.analytics_edz.faturamento_modelo"
[0m12:49:23.571395 [debug] [Thread-1 (]: Using postgres connection "model.analytics_edz.faturamento_ano"
[0m12:49:23.571645 [debug] [Thread-2 (]: Using postgres connection "model.analytics_edz.faturamento_modelo"
[0m12:49:23.571835 [debug] [Thread-1 (]: On model.analytics_edz.faturamento_ano: BEGIN
[0m12:49:23.572014 [debug] [Thread-2 (]: On model.analytics_edz.faturamento_modelo: BEGIN
[0m12:49:23.572154 [debug] [Thread-1 (]: Opening a new connection, currently in state closed
[0m12:49:23.572294 [debug] [Thread-2 (]: Opening a new connection, currently in state init
[0m12:49:24.784398 [debug] [Thread-1 (]: SQL status: BEGIN in 1.21 seconds
[0m12:49:24.784627 [debug] [Thread-1 (]: Using postgres connection "model.analytics_edz.faturamento_ano"
[0m12:49:24.784773 [debug] [Thread-1 (]: On model.analytics_edz.faturamento_ano: /* {"app": "dbt", "dbt_version": "1.3.0b1", "profile_name": "analytics_edz", "target_name": "dev", "node_id": "model.analytics_edz.faturamento_ano"} */

  
    

  create  table "coins"."public"."faturamento_ano__dbt_tmp"
  as (
    with faturamento_ano as (
select
  DATE_PART('year', purchased_at ) AS "Ano",
  sum(ap.price) as "Faturameto"
from public.airbyte_purchases pur inner join airbyte_products ap
on pur.product_id = ap.id
group by 1
order by 1
),


select * from faturamento_ano
  );
  
[0m12:49:24.800355 [debug] [Thread-2 (]: SQL status: BEGIN in 1.23 seconds
[0m12:49:24.800580 [debug] [Thread-2 (]: Using postgres connection "model.analytics_edz.faturamento_modelo"
[0m12:49:24.800731 [debug] [Thread-2 (]: On model.analytics_edz.faturamento_modelo: /* {"app": "dbt", "dbt_version": "1.3.0b1", "profile_name": "analytics_edz", "target_name": "dev", "node_id": "model.analytics_edz.faturamento_modelo"} */

  
    

  create  table "coins"."public"."faturamento_modelo__dbt_tmp"
  as (
    with faturamento_model as (

select pro.model as "Model"
      ,sum(pro.price) as "Faturamento"
from public.airbyte_purchases pur inner join airbyte_products pro
on pur.product_id = pro.id
group by pro.model
order by 2 desc

),

select * from faturamento_model
  );
  
[0m12:49:24.918585 [debug] [Thread-1 (]: Postgres adapter: Postgres error: syntax error at or near "select"
LINE 19: select * from faturamento_ano
         ^

[0m12:49:24.918843 [debug] [Thread-1 (]: On model.analytics_edz.faturamento_ano: ROLLBACK
[0m12:49:24.936977 [debug] [Thread-2 (]: Postgres adapter: Postgres error: syntax error at or near "select"
LINE 19: select * from faturamento_model
         ^

[0m12:49:24.937313 [debug] [Thread-2 (]: On model.analytics_edz.faturamento_modelo: ROLLBACK
[0m12:49:25.052622 [debug] [Thread-1 (]: finished collecting timing info
[0m12:49:25.053007 [debug] [Thread-1 (]: On model.analytics_edz.faturamento_ano: Close
[0m12:49:25.053581 [debug] [Thread-1 (]: Database Error in model faturamento_ano (models/prod/faturamento_ano.sql)
  syntax error at or near "select"
  LINE 19: select * from faturamento_ano
           ^
  compiled Code at target/run/analytics_edz/models/prod/faturamento_ano.sql
[0m12:49:25.053888 [debug] [Thread-1 (]: Sending event: {'category': 'dbt', 'action': 'run_model', 'label': '6e248ff1-2cab-4b2a-8fb5-67f5ced43ae3', 'context': [<snowplow_tracker.self_describing_json.SelfDescribingJson object at 0x7fa8d8398cd0>]}
[0m12:49:25.054337 [error] [Thread-1 (]: 1 of 2 ERROR creating sql table model public.faturamento_ano ................... [[31mERROR[0m in 1.57s]
[0m12:49:25.054855 [debug] [Thread-1 (]: Finished running node model.analytics_edz.faturamento_ano
[0m12:49:25.074040 [debug] [Thread-2 (]: finished collecting timing info
[0m12:49:25.074299 [debug] [Thread-2 (]: On model.analytics_edz.faturamento_modelo: Close
[0m12:49:25.074809 [debug] [Thread-2 (]: Database Error in model faturamento_modelo (models/prod/faturamento_modelo.sql)
  syntax error at or near "select"
  LINE 19: select * from faturamento_model
           ^
  compiled Code at target/run/analytics_edz/models/prod/faturamento_modelo.sql
[0m12:49:25.075195 [debug] [Thread-2 (]: Sending event: {'category': 'dbt', 'action': 'run_model', 'label': '6e248ff1-2cab-4b2a-8fb5-67f5ced43ae3', 'context': [<snowplow_tracker.self_describing_json.SelfDescribingJson object at 0x7fa8d83997b0>]}
[0m12:49:25.075676 [error] [Thread-2 (]: 2 of 2 ERROR creating sql table model public.faturamento_modelo ................ [[31mERROR[0m in 1.59s]
[0m12:49:25.076738 [debug] [Thread-2 (]: Finished running node model.analytics_edz.faturamento_modelo
[0m12:49:25.077956 [debug] [MainThread]: Acquiring new postgres connection "master"
[0m12:49:25.078188 [debug] [MainThread]: Using postgres connection "master"
[0m12:49:25.078323 [debug] [MainThread]: On master: BEGIN
[0m12:49:25.078444 [debug] [MainThread]: Opening a new connection, currently in state closed
[0m12:49:26.327831 [debug] [MainThread]: SQL status: BEGIN in 1.25 seconds
[0m12:49:26.328061 [debug] [MainThread]: On master: COMMIT
[0m12:49:26.328207 [debug] [MainThread]: Using postgres connection "master"
[0m12:49:26.328322 [debug] [MainThread]: On master: COMMIT
[0m12:49:26.463202 [debug] [MainThread]: SQL status: COMMIT in 0.13 seconds
[0m12:49:26.463464 [debug] [MainThread]: On master: Close
[0m12:49:26.464051 [info ] [MainThread]: 
[0m12:49:26.464329 [info ] [MainThread]: Finished running 2 table models in 0 hours 0 minutes and 7.72 seconds (7.72s).
[0m12:49:26.464568 [debug] [MainThread]: Connection 'master' was properly closed.
[0m12:49:26.464739 [debug] [MainThread]: Connection 'model.analytics_edz.faturamento_ano' was properly closed.
[0m12:49:26.464947 [debug] [MainThread]: Connection 'model.analytics_edz.faturamento_modelo' was properly closed.
[0m12:49:26.470682 [info ] [MainThread]: 
[0m12:49:26.471015 [info ] [MainThread]: [31mCompleted with 2 errors and 0 warnings:[0m
[0m12:49:26.471296 [info ] [MainThread]: 
[0m12:49:26.471597 [error] [MainThread]: [33mDatabase Error in model faturamento_ano (models/prod/faturamento_ano.sql)[0m
[0m12:49:26.471928 [error] [MainThread]:   syntax error at or near "select"
[0m12:49:26.472253 [error] [MainThread]:   LINE 19: select * from faturamento_ano
[0m12:49:26.472548 [error] [MainThread]:            ^
[0m12:49:26.472842 [error] [MainThread]:   compiled Code at target/run/analytics_edz/models/prod/faturamento_ano.sql
[0m12:49:26.473167 [info ] [MainThread]: 
[0m12:49:26.473463 [error] [MainThread]: [33mDatabase Error in model faturamento_modelo (models/prod/faturamento_modelo.sql)[0m
[0m12:49:26.473729 [error] [MainThread]:   syntax error at or near "select"
[0m12:49:26.474176 [error] [MainThread]:   LINE 19: select * from faturamento_model
[0m12:49:26.474604 [error] [MainThread]:            ^
[0m12:49:26.475963 [error] [MainThread]:   compiled Code at target/run/analytics_edz/models/prod/faturamento_modelo.sql
[0m12:49:26.477077 [info ] [MainThread]: 
[0m12:49:26.477697 [info ] [MainThread]: Done. PASS=0 WARN=0 ERROR=2 SKIP=0 TOTAL=2
[0m12:49:26.478218 [debug] [MainThread]: Sending event: {'category': 'dbt', 'action': 'invocation', 'label': 'end', 'context': [<snowplow_tracker.self_describing_json.SelfDescribingJson object at 0x7fa8d8329960>, <snowplow_tracker.self_describing_json.SelfDescribingJson object at 0x7fa8d83281c0>, <snowplow_tracker.self_describing_json.SelfDescribingJson object at 0x7fa8d8329090>]}
[0m12:49:26.478486 [debug] [MainThread]: Flushing usage events


============================== 2022-08-28 12:52:02.297561 | 39f5fb9e-4353-4aad-9c8d-f1ca79711c48 ==============================
[0m12:52:02.297573 [info ] [MainThread]: Running with dbt=1.3.0-b1
[0m12:52:02.297912 [debug] [MainThread]: running dbt with arguments {'write_json': True, 'use_colors': True, 'printer_width': 80, 'version_check': True, 'partial_parse': True, 'static_parser': True, 'profiles_dir': '/home/rodrigo/.dbt', 'send_anonymous_usage_stats': True, 'event_buffer_size': 100000, 'quiet': False, 'no_print': False, 'which': 'run', 'rpc_method': 'run', 'indirect_selection': 'eager'}
[0m12:52:02.298052 [debug] [MainThread]: Tracking: tracking
[0m12:52:02.299290 [debug] [MainThread]: Sending event: {'category': 'dbt', 'action': 'invocation', 'label': 'start', 'context': [<snowplow_tracker.self_describing_json.SelfDescribingJson object at 0x7ffa9c491f60>, <snowplow_tracker.self_describing_json.SelfDescribingJson object at 0x7ffa9c4903a0>, <snowplow_tracker.self_describing_json.SelfDescribingJson object at 0x7ffa9c491ba0>]}
[0m12:52:02.343620 [debug] [MainThread]: Partial parsing enabled: 0 files deleted, 0 files added, 1 files changed.
[0m12:52:02.344079 [debug] [MainThread]: Partial parsing: updated file: analytics_edz://models/prod/faturamento_ano.sql
[0m12:52:02.358690 [debug] [MainThread]: 1699: static parser successfully parsed prod/faturamento_ano.sql
[0m12:52:02.383599 [warn ] [MainThread]: [[33mWARNING[0m]: Configuration paths exist in your dbt_project.yml file which do not apply to any resources.
There are 1 unused configuration paths:
- models.analytics_edz.example

[0m12:52:02.388273 [debug] [MainThread]: Sending event: {'category': 'dbt', 'action': 'load_project', 'label': '39f5fb9e-4353-4aad-9c8d-f1ca79711c48', 'context': [<snowplow_tracker.self_describing_json.SelfDescribingJson object at 0x7ffa9bf893c0>]}
[0m12:52:02.442020 [debug] [MainThread]: Sending event: {'category': 'dbt', 'action': 'resource_counts', 'label': '39f5fb9e-4353-4aad-9c8d-f1ca79711c48', 'context': [<snowplow_tracker.self_describing_json.SelfDescribingJson object at 0x7ffa9def30d0>]}
[0m12:52:02.442333 [info ] [MainThread]: Found 2 models, 0 tests, 0 snapshots, 0 analyses, 273 macros, 0 operations, 0 seed files, 0 sources, 0 exposures, 0 metrics
[0m12:52:02.442603 [debug] [MainThread]: Sending event: {'category': 'dbt', 'action': 'runnable_timing', 'label': '39f5fb9e-4353-4aad-9c8d-f1ca79711c48', 'context': [<snowplow_tracker.self_describing_json.SelfDescribingJson object at 0x7ffa9d9835b0>]}
[0m12:52:02.443969 [info ] [MainThread]: 
[0m12:52:02.444891 [debug] [MainThread]: Acquiring new postgres connection "master"
[0m12:52:02.446513 [debug] [ThreadPool]: Acquiring new postgres connection "list_coins"
[0m12:52:02.457857 [debug] [ThreadPool]: Using postgres connection "list_coins"
[0m12:52:02.458319 [debug] [ThreadPool]: On list_coins: /* {"app": "dbt", "dbt_version": "1.3.0b1", "profile_name": "analytics_edz", "target_name": "dev", "connection_name": "list_coins"} */

    select distinct nspname from pg_namespace
  
[0m12:52:02.458543 [debug] [ThreadPool]: Opening a new connection, currently in state init
[0m12:52:03.728473 [debug] [ThreadPool]: SQL status: SELECT 4 in 1.27 seconds
[0m12:52:03.729509 [debug] [ThreadPool]: On list_coins: Close
[0m12:52:03.731068 [debug] [ThreadPool]: Acquiring new postgres connection "list_coins_public"
[0m12:52:03.735882 [debug] [ThreadPool]: Using postgres connection "list_coins_public"
[0m12:52:03.736179 [debug] [ThreadPool]: On list_coins_public: BEGIN
[0m12:52:03.736347 [debug] [ThreadPool]: Opening a new connection, currently in state closed
[0m12:52:04.981406 [debug] [ThreadPool]: SQL status: BEGIN in 1.25 seconds
[0m12:52:04.981638 [debug] [ThreadPool]: Using postgres connection "list_coins_public"
[0m12:52:04.981811 [debug] [ThreadPool]: On list_coins_public: /* {"app": "dbt", "dbt_version": "1.3.0b1", "profile_name": "analytics_edz", "target_name": "dev", "connection_name": "list_coins_public"} */
select
      'coins' as database,
      tablename as name,
      schemaname as schema,
      'table' as type
    from pg_tables
    where schemaname ilike 'public'
    union all
    select
      'coins' as database,
      viewname as name,
      schemaname as schema,
      'view' as type
    from pg_views
    where schemaname ilike 'public'
  
[0m12:52:05.181157 [debug] [ThreadPool]: SQL status: SELECT 7 in 0.2 seconds
[0m12:52:05.182652 [debug] [ThreadPool]: On list_coins_public: ROLLBACK
[0m12:52:05.323667 [debug] [ThreadPool]: On list_coins_public: Close
[0m12:52:05.327358 [debug] [MainThread]: Using postgres connection "master"
[0m12:52:05.327564 [debug] [MainThread]: On master: BEGIN
[0m12:52:05.327699 [debug] [MainThread]: Opening a new connection, currently in state init
[0m12:52:06.585831 [debug] [MainThread]: SQL status: BEGIN in 1.26 seconds
[0m12:52:06.586082 [debug] [MainThread]: Using postgres connection "master"
[0m12:52:06.586262 [debug] [MainThread]: On master: /* {"app": "dbt", "dbt_version": "1.3.0b1", "profile_name": "analytics_edz", "target_name": "dev", "connection_name": "master"} */
with relation as (
        select
            pg_rewrite.ev_class as class,
            pg_rewrite.oid as id
        from pg_rewrite
    ),
    class as (
        select
            oid as id,
            relname as name,
            relnamespace as schema,
            relkind as kind
        from pg_class
    ),
    dependency as (
        select distinct
            pg_depend.objid as id,
            pg_depend.refobjid as ref
        from pg_depend
    ),
    schema as (
        select
            pg_namespace.oid as id,
            pg_namespace.nspname as name
        from pg_namespace
        where nspname != 'information_schema' and nspname not like 'pg\_%'
    ),
    referenced as (
        select
            relation.id AS id,
            referenced_class.name ,
            referenced_class.schema ,
            referenced_class.kind
        from relation
        join class as referenced_class on relation.class=referenced_class.id
        where referenced_class.kind in ('r', 'v')
    ),
    relationships as (
        select
            referenced.name as referenced_name,
            referenced.schema as referenced_schema_id,
            dependent_class.name as dependent_name,
            dependent_class.schema as dependent_schema_id,
            referenced.kind as kind
        from referenced
        join dependency on referenced.id=dependency.id
        join class as dependent_class on dependency.ref=dependent_class.id
        where
            (referenced.name != dependent_class.name or
             referenced.schema != dependent_class.schema)
    )

    select
        referenced_schema.name as referenced_schema,
        relationships.referenced_name as referenced_name,
        dependent_schema.name as dependent_schema,
        relationships.dependent_name as dependent_name
    from relationships
    join schema as dependent_schema on relationships.dependent_schema_id=dependent_schema.id
    join schema as referenced_schema on relationships.referenced_schema_id=referenced_schema.id
    group by referenced_schema, referenced_name, dependent_schema, dependent_name
    order by referenced_schema, referenced_name, dependent_schema, dependent_name;
[0m12:52:06.746455 [debug] [MainThread]: SQL status: SELECT 0 in 0.16 seconds
[0m12:52:06.747400 [debug] [MainThread]: Sending event: {'category': 'dbt', 'action': 'runnable_timing', 'label': '39f5fb9e-4353-4aad-9c8d-f1ca79711c48', 'context': [<snowplow_tracker.self_describing_json.SelfDescribingJson object at 0x7ffa9c5da950>]}
[0m12:52:06.747685 [debug] [MainThread]: On master: ROLLBACK
[0m12:52:06.886401 [debug] [MainThread]: Using postgres connection "master"
[0m12:52:06.886644 [debug] [MainThread]: On master: BEGIN
[0m12:52:07.163925 [debug] [MainThread]: SQL status: BEGIN in 0.28 seconds
[0m12:52:07.164321 [debug] [MainThread]: On master: COMMIT
[0m12:52:07.164508 [debug] [MainThread]: Using postgres connection "master"
[0m12:52:07.164650 [debug] [MainThread]: On master: COMMIT
[0m12:52:07.303229 [debug] [MainThread]: SQL status: COMMIT in 0.14 seconds
[0m12:52:07.303502 [debug] [MainThread]: On master: Close
[0m12:52:07.304034 [info ] [MainThread]: Concurrency: 4 threads (target='dev')
[0m12:52:07.304327 [info ] [MainThread]: 
[0m12:52:07.306847 [debug] [Thread-1 (]: Began running node model.analytics_edz.faturamento_ano
[0m12:52:07.307045 [debug] [Thread-2 (]: Began running node model.analytics_edz.faturamento_modelo
[0m12:52:07.307337 [info ] [Thread-1 (]: 1 of 2 START sql table model public.faturamento_ano ............................ [RUN]
[0m12:52:07.307885 [info ] [Thread-2 (]: 2 of 2 START sql table model public.faturamento_modelo ......................... [RUN]
[0m12:52:07.309375 [debug] [Thread-1 (]: Acquiring new postgres connection "model.analytics_edz.faturamento_ano"
[0m12:52:07.310113 [debug] [Thread-1 (]: Began compiling node model.analytics_edz.faturamento_ano
[0m12:52:07.310787 [debug] [Thread-2 (]: Acquiring new postgres connection "model.analytics_edz.faturamento_modelo"
[0m12:52:07.311107 [debug] [Thread-1 (]: Compiling model.analytics_edz.faturamento_ano
[0m12:52:07.311330 [debug] [Thread-2 (]: Began compiling node model.analytics_edz.faturamento_modelo
[0m12:52:07.313340 [debug] [Thread-1 (]: Writing injected SQL for node "model.analytics_edz.faturamento_ano"
[0m12:52:07.313687 [debug] [Thread-2 (]: Compiling model.analytics_edz.faturamento_modelo
[0m12:52:07.315367 [debug] [Thread-2 (]: Writing injected SQL for node "model.analytics_edz.faturamento_modelo"
[0m12:52:07.315737 [debug] [Thread-1 (]: finished collecting timing info
[0m12:52:07.315916 [debug] [Thread-2 (]: finished collecting timing info
[0m12:52:07.316831 [debug] [Thread-1 (]: Began executing node model.analytics_edz.faturamento_ano
[0m12:52:07.317139 [debug] [Thread-2 (]: Began executing node model.analytics_edz.faturamento_modelo
[0m12:52:07.397372 [debug] [Thread-2 (]: Writing runtime sql for node "model.analytics_edz.faturamento_modelo"
[0m12:52:07.399443 [debug] [Thread-1 (]: Writing runtime sql for node "model.analytics_edz.faturamento_ano"
[0m12:52:07.399929 [debug] [Thread-1 (]: Using postgres connection "model.analytics_edz.faturamento_ano"
[0m12:52:07.400086 [debug] [Thread-2 (]: Using postgres connection "model.analytics_edz.faturamento_modelo"
[0m12:52:07.400230 [debug] [Thread-1 (]: On model.analytics_edz.faturamento_ano: BEGIN
[0m12:52:07.400385 [debug] [Thread-2 (]: On model.analytics_edz.faturamento_modelo: BEGIN
[0m12:52:07.400555 [debug] [Thread-1 (]: Opening a new connection, currently in state closed
[0m12:52:07.400707 [debug] [Thread-2 (]: Opening a new connection, currently in state init
[0m12:52:08.626490 [debug] [Thread-1 (]: SQL status: BEGIN in 1.23 seconds
[0m12:52:08.626745 [debug] [Thread-1 (]: Using postgres connection "model.analytics_edz.faturamento_ano"
[0m12:52:08.626885 [debug] [Thread-1 (]: On model.analytics_edz.faturamento_ano: /* {"app": "dbt", "dbt_version": "1.3.0b1", "profile_name": "analytics_edz", "target_name": "dev", "node_id": "model.analytics_edz.faturamento_ano"} */

  
    

  create  table "coins"."public"."faturamento_ano__dbt_tmp"
  as (
    with faturamento_ano as (

    select DATE_PART('year', purchased_at ) AS "Ano"
        ,sum(ap.price) as "Faturameto"
    from public.airbyte_purchases pur inner join airbyte_products ap
    on pur.product_id = ap.id
    group by 1
    order by 1

)


select * from faturamento_ano
  );
  
[0m12:52:08.650277 [debug] [Thread-2 (]: SQL status: BEGIN in 1.25 seconds
[0m12:52:08.650523 [debug] [Thread-2 (]: Using postgres connection "model.analytics_edz.faturamento_modelo"
[0m12:52:08.650682 [debug] [Thread-2 (]: On model.analytics_edz.faturamento_modelo: /* {"app": "dbt", "dbt_version": "1.3.0b1", "profile_name": "analytics_edz", "target_name": "dev", "node_id": "model.analytics_edz.faturamento_modelo"} */

  
    

  create  table "coins"."public"."faturamento_modelo__dbt_tmp"
  as (
    with faturamento_model as (

select pro.model as "Model"
      ,sum(pro.price) as "Faturamento"
from public.airbyte_purchases pur inner join airbyte_products pro
on pur.product_id = pro.id
group by pro.model
order by 2 desc

),

select * from faturamento_model
  );
  
[0m12:52:08.784141 [debug] [Thread-1 (]: SQL status: SELECT 41 in 0.16 seconds
[0m12:52:08.794513 [debug] [Thread-1 (]: Using postgres connection "model.analytics_edz.faturamento_ano"
[0m12:52:08.794805 [debug] [Thread-2 (]: Postgres adapter: Postgres error: syntax error at or near "select"
LINE 19: select * from faturamento_model
         ^

[0m12:52:08.795699 [debug] [Thread-2 (]: On model.analytics_edz.faturamento_modelo: ROLLBACK
[0m12:52:08.795335 [debug] [Thread-1 (]: On model.analytics_edz.faturamento_ano: /* {"app": "dbt", "dbt_version": "1.3.0b1", "profile_name": "analytics_edz", "target_name": "dev", "node_id": "model.analytics_edz.faturamento_ano"} */
alter table "coins"."public"."faturamento_ano__dbt_tmp" rename to "faturamento_ano"
[0m12:52:08.931498 [debug] [Thread-1 (]: SQL status: ALTER TABLE in 0.14 seconds
[0m12:52:08.938132 [debug] [Thread-2 (]: finished collecting timing info
[0m12:52:08.953615 [debug] [Thread-1 (]: On model.analytics_edz.faturamento_ano: COMMIT
[0m12:52:08.953796 [debug] [Thread-2 (]: On model.analytics_edz.faturamento_modelo: Close
[0m12:52:08.953969 [debug] [Thread-1 (]: Using postgres connection "model.analytics_edz.faturamento_ano"
[0m12:52:08.954143 [debug] [Thread-1 (]: On model.analytics_edz.faturamento_ano: COMMIT
[0m12:52:08.954501 [debug] [Thread-2 (]: Database Error in model faturamento_modelo (models/prod/faturamento_modelo.sql)
  syntax error at or near "select"
  LINE 19: select * from faturamento_model
           ^
  compiled Code at target/run/analytics_edz/models/prod/faturamento_modelo.sql
[0m12:52:08.954847 [debug] [Thread-2 (]: Sending event: {'category': 'dbt', 'action': 'run_model', 'label': '39f5fb9e-4353-4aad-9c8d-f1ca79711c48', 'context': [<snowplow_tracker.self_describing_json.SelfDescribingJson object at 0x7ffa9b7d3bb0>]}
[0m12:52:08.955139 [error] [Thread-2 (]: 2 of 2 ERROR creating sql table model public.faturamento_modelo ................ [[31mERROR[0m in 1.64s]
[0m12:52:08.955514 [debug] [Thread-2 (]: Finished running node model.analytics_edz.faturamento_modelo
[0m12:52:09.091570 [debug] [Thread-1 (]: SQL status: COMMIT in 0.14 seconds
[0m12:52:09.095740 [debug] [Thread-1 (]: Using postgres connection "model.analytics_edz.faturamento_ano"
[0m12:52:09.095942 [debug] [Thread-1 (]: On model.analytics_edz.faturamento_ano: /* {"app": "dbt", "dbt_version": "1.3.0b1", "profile_name": "analytics_edz", "target_name": "dev", "node_id": "model.analytics_edz.faturamento_ano"} */
drop table if exists "coins"."public"."faturamento_ano__dbt_backup" cascade
[0m12:52:09.231367 [debug] [Thread-1 (]: SQL status: DROP TABLE in 0.14 seconds
[0m12:52:09.232945 [debug] [Thread-1 (]: finished collecting timing info
[0m12:52:09.233221 [debug] [Thread-1 (]: On model.analytics_edz.faturamento_ano: Close
[0m12:52:09.233837 [debug] [Thread-1 (]: Sending event: {'category': 'dbt', 'action': 'run_model', 'label': '39f5fb9e-4353-4aad-9c8d-f1ca79711c48', 'context': [<snowplow_tracker.self_describing_json.SelfDescribingJson object at 0x7ffa9b7c5030>]}
[0m12:52:09.234173 [info ] [Thread-1 (]: 1 of 2 OK created sql table model public.faturamento_ano ....................... [[32mSELECT 41[0m in 1.92s]
[0m12:52:09.234545 [debug] [Thread-1 (]: Finished running node model.analytics_edz.faturamento_ano
[0m12:52:09.235518 [debug] [MainThread]: Acquiring new postgres connection "master"
[0m12:52:09.235737 [debug] [MainThread]: Using postgres connection "master"
[0m12:52:09.235915 [debug] [MainThread]: On master: BEGIN
[0m12:52:09.236033 [debug] [MainThread]: Opening a new connection, currently in state closed
[0m12:52:10.467450 [debug] [MainThread]: SQL status: BEGIN in 1.23 seconds
[0m12:52:10.467688 [debug] [MainThread]: On master: COMMIT
[0m12:52:10.467822 [debug] [MainThread]: Using postgres connection "master"
[0m12:52:10.467941 [debug] [MainThread]: On master: COMMIT
[0m12:52:10.601180 [debug] [MainThread]: SQL status: COMMIT in 0.13 seconds
[0m12:52:10.601436 [debug] [MainThread]: On master: Close
[0m12:52:10.602077 [info ] [MainThread]: 
[0m12:52:10.602581 [info ] [MainThread]: Finished running 2 table models in 0 hours 0 minutes and 8.16 seconds (8.16s).
[0m12:52:10.602974 [debug] [MainThread]: Connection 'master' was properly closed.
[0m12:52:10.603167 [debug] [MainThread]: Connection 'model.analytics_edz.faturamento_ano' was properly closed.
[0m12:52:10.603320 [debug] [MainThread]: Connection 'model.analytics_edz.faturamento_modelo' was properly closed.
[0m12:52:10.608227 [info ] [MainThread]: 
[0m12:52:10.608772 [info ] [MainThread]: [31mCompleted with 1 error and 0 warnings:[0m
[0m12:52:10.609203 [info ] [MainThread]: 
[0m12:52:10.609493 [error] [MainThread]: [33mDatabase Error in model faturamento_modelo (models/prod/faturamento_modelo.sql)[0m
[0m12:52:10.609787 [error] [MainThread]:   syntax error at or near "select"
[0m12:52:10.610040 [error] [MainThread]:   LINE 19: select * from faturamento_model
[0m12:52:10.610302 [error] [MainThread]:            ^
[0m12:52:10.610560 [error] [MainThread]:   compiled Code at target/run/analytics_edz/models/prod/faturamento_modelo.sql
[0m12:52:10.610845 [info ] [MainThread]: 
[0m12:52:10.611167 [info ] [MainThread]: Done. PASS=1 WARN=0 ERROR=1 SKIP=0 TOTAL=2
[0m12:52:10.611652 [debug] [MainThread]: Sending event: {'category': 'dbt', 'action': 'invocation', 'label': 'end', 'context': [<snowplow_tracker.self_describing_json.SelfDescribingJson object at 0x7ffa9bf8b370>, <snowplow_tracker.self_describing_json.SelfDescribingJson object at 0x7ffa9bf8b490>, <snowplow_tracker.self_describing_json.SelfDescribingJson object at 0x7ffa9bf4a5c0>]}
[0m12:52:10.611956 [debug] [MainThread]: Flushing usage events


============================== 2022-08-28 12:53:10.395765 | b61fe64e-7711-4794-a3d3-ae43ea4097d2 ==============================
[0m12:53:10.395780 [info ] [MainThread]: Running with dbt=1.3.0-b1
[0m12:53:10.396144 [debug] [MainThread]: running dbt with arguments {'write_json': True, 'use_colors': True, 'printer_width': 80, 'version_check': True, 'partial_parse': True, 'static_parser': True, 'profiles_dir': '/home/rodrigo/.dbt', 'send_anonymous_usage_stats': True, 'event_buffer_size': 100000, 'quiet': False, 'no_print': False, 'which': 'run', 'rpc_method': 'run', 'indirect_selection': 'eager'}
[0m12:53:10.396295 [debug] [MainThread]: Tracking: tracking
[0m12:53:10.397509 [debug] [MainThread]: Sending event: {'category': 'dbt', 'action': 'invocation', 'label': 'start', 'context': [<snowplow_tracker.self_describing_json.SelfDescribingJson object at 0x7fda6b483d30>, <snowplow_tracker.self_describing_json.SelfDescribingJson object at 0x7fda6b482890>, <snowplow_tracker.self_describing_json.SelfDescribingJson object at 0x7fda6b482c50>]}
[0m12:53:10.451771 [debug] [MainThread]: Partial parsing enabled: 0 files deleted, 0 files added, 1 files changed.
[0m12:53:10.452122 [debug] [MainThread]: Partial parsing: updated file: analytics_edz://models/prod/faturamento_modelo.sql
[0m12:53:10.463712 [debug] [MainThread]: 1699: static parser successfully parsed prod/faturamento_modelo.sql
[0m12:53:10.486740 [warn ] [MainThread]: [[33mWARNING[0m]: Configuration paths exist in your dbt_project.yml file which do not apply to any resources.
There are 1 unused configuration paths:
- models.analytics_edz.example

[0m12:53:10.491193 [debug] [MainThread]: Sending event: {'category': 'dbt', 'action': 'load_project', 'label': 'b61fe64e-7711-4794-a3d3-ae43ea4097d2', 'context': [<snowplow_tracker.self_describing_json.SelfDescribingJson object at 0x7fda6af79330>]}
[0m12:53:10.536873 [debug] [MainThread]: Sending event: {'category': 'dbt', 'action': 'resource_counts', 'label': 'b61fe64e-7711-4794-a3d3-ae43ea4097d2', 'context': [<snowplow_tracker.self_describing_json.SelfDescribingJson object at 0x7fda6b48b610>]}
[0m12:53:10.537286 [info ] [MainThread]: Found 2 models, 0 tests, 0 snapshots, 0 analyses, 273 macros, 0 operations, 0 seed files, 0 sources, 0 exposures, 0 metrics
[0m12:53:10.538195 [debug] [MainThread]: Sending event: {'category': 'dbt', 'action': 'runnable_timing', 'label': 'b61fe64e-7711-4794-a3d3-ae43ea4097d2', 'context': [<snowplow_tracker.self_describing_json.SelfDescribingJson object at 0x7fda6c8d89d0>]}
[0m12:53:10.539704 [info ] [MainThread]: 
[0m12:53:10.540579 [debug] [MainThread]: Acquiring new postgres connection "master"
[0m12:53:10.541943 [debug] [ThreadPool]: Acquiring new postgres connection "list_coins"
[0m12:53:10.559491 [debug] [ThreadPool]: Using postgres connection "list_coins"
[0m12:53:10.560043 [debug] [ThreadPool]: On list_coins: /* {"app": "dbt", "dbt_version": "1.3.0b1", "profile_name": "analytics_edz", "target_name": "dev", "connection_name": "list_coins"} */

    select distinct nspname from pg_namespace
  
[0m12:53:10.560304 [debug] [ThreadPool]: Opening a new connection, currently in state init
[0m12:53:11.811288 [debug] [ThreadPool]: SQL status: SELECT 4 in 1.25 seconds
[0m12:53:11.812283 [debug] [ThreadPool]: On list_coins: Close
[0m12:53:11.813521 [debug] [ThreadPool]: Acquiring new postgres connection "list_coins_public"
[0m12:53:11.818401 [debug] [ThreadPool]: Using postgres connection "list_coins_public"
[0m12:53:11.818750 [debug] [ThreadPool]: On list_coins_public: BEGIN
[0m12:53:11.819270 [debug] [ThreadPool]: Opening a new connection, currently in state closed
[0m12:53:13.076789 [debug] [ThreadPool]: SQL status: BEGIN in 1.26 seconds
[0m12:53:13.077020 [debug] [ThreadPool]: Using postgres connection "list_coins_public"
[0m12:53:13.077150 [debug] [ThreadPool]: On list_coins_public: /* {"app": "dbt", "dbt_version": "1.3.0b1", "profile_name": "analytics_edz", "target_name": "dev", "connection_name": "list_coins_public"} */
select
      'coins' as database,
      tablename as name,
      schemaname as schema,
      'table' as type
    from pg_tables
    where schemaname ilike 'public'
    union all
    select
      'coins' as database,
      viewname as name,
      schemaname as schema,
      'view' as type
    from pg_views
    where schemaname ilike 'public'
  
[0m12:53:13.218418 [debug] [ThreadPool]: SQL status: SELECT 8 in 0.14 seconds
[0m12:53:13.219512 [debug] [ThreadPool]: On list_coins_public: ROLLBACK
[0m12:53:13.358300 [debug] [ThreadPool]: On list_coins_public: Close
[0m12:53:13.362381 [debug] [MainThread]: Using postgres connection "master"
[0m12:53:13.362768 [debug] [MainThread]: On master: BEGIN
[0m12:53:13.362924 [debug] [MainThread]: Opening a new connection, currently in state init
[0m12:53:14.592131 [debug] [MainThread]: SQL status: BEGIN in 1.23 seconds
[0m12:53:14.592356 [debug] [MainThread]: Using postgres connection "master"
[0m12:53:14.592481 [debug] [MainThread]: On master: /* {"app": "dbt", "dbt_version": "1.3.0b1", "profile_name": "analytics_edz", "target_name": "dev", "connection_name": "master"} */
with relation as (
        select
            pg_rewrite.ev_class as class,
            pg_rewrite.oid as id
        from pg_rewrite
    ),
    class as (
        select
            oid as id,
            relname as name,
            relnamespace as schema,
            relkind as kind
        from pg_class
    ),
    dependency as (
        select distinct
            pg_depend.objid as id,
            pg_depend.refobjid as ref
        from pg_depend
    ),
    schema as (
        select
            pg_namespace.oid as id,
            pg_namespace.nspname as name
        from pg_namespace
        where nspname != 'information_schema' and nspname not like 'pg\_%'
    ),
    referenced as (
        select
            relation.id AS id,
            referenced_class.name ,
            referenced_class.schema ,
            referenced_class.kind
        from relation
        join class as referenced_class on relation.class=referenced_class.id
        where referenced_class.kind in ('r', 'v')
    ),
    relationships as (
        select
            referenced.name as referenced_name,
            referenced.schema as referenced_schema_id,
            dependent_class.name as dependent_name,
            dependent_class.schema as dependent_schema_id,
            referenced.kind as kind
        from referenced
        join dependency on referenced.id=dependency.id
        join class as dependent_class on dependency.ref=dependent_class.id
        where
            (referenced.name != dependent_class.name or
             referenced.schema != dependent_class.schema)
    )

    select
        referenced_schema.name as referenced_schema,
        relationships.referenced_name as referenced_name,
        dependent_schema.name as dependent_schema,
        relationships.dependent_name as dependent_name
    from relationships
    join schema as dependent_schema on relationships.dependent_schema_id=dependent_schema.id
    join schema as referenced_schema on relationships.referenced_schema_id=referenced_schema.id
    group by referenced_schema, referenced_name, dependent_schema, dependent_name
    order by referenced_schema, referenced_name, dependent_schema, dependent_name;
[0m12:53:14.739903 [debug] [MainThread]: SQL status: SELECT 0 in 0.15 seconds
[0m12:53:14.741002 [debug] [MainThread]: Sending event: {'category': 'dbt', 'action': 'runnable_timing', 'label': 'b61fe64e-7711-4794-a3d3-ae43ea4097d2', 'context': [<snowplow_tracker.self_describing_json.SelfDescribingJson object at 0x7fda6b48b4f0>]}
[0m12:53:14.741317 [debug] [MainThread]: On master: ROLLBACK
[0m12:53:14.876547 [debug] [MainThread]: Using postgres connection "master"
[0m12:53:14.876769 [debug] [MainThread]: On master: BEGIN
[0m12:53:15.147061 [debug] [MainThread]: SQL status: BEGIN in 0.27 seconds
[0m12:53:15.147298 [debug] [MainThread]: On master: COMMIT
[0m12:53:15.147454 [debug] [MainThread]: Using postgres connection "master"
[0m12:53:15.147570 [debug] [MainThread]: On master: COMMIT
[0m12:53:15.282880 [debug] [MainThread]: SQL status: COMMIT in 0.14 seconds
[0m12:53:15.283131 [debug] [MainThread]: On master: Close
[0m12:53:15.283646 [info ] [MainThread]: Concurrency: 4 threads (target='dev')
[0m12:53:15.283983 [info ] [MainThread]: 
[0m12:53:15.286554 [debug] [Thread-1 (]: Began running node model.analytics_edz.faturamento_ano
[0m12:53:15.286769 [debug] [Thread-2 (]: Began running node model.analytics_edz.faturamento_modelo
[0m12:53:15.287062 [info ] [Thread-1 (]: 1 of 2 START sql table model public.faturamento_ano ............................ [RUN]
[0m12:53:15.287302 [info ] [Thread-2 (]: 2 of 2 START sql table model public.faturamento_modelo ......................... [RUN]
[0m12:53:15.287873 [debug] [Thread-1 (]: Acquiring new postgres connection "model.analytics_edz.faturamento_ano"
[0m12:53:15.288587 [debug] [Thread-2 (]: Acquiring new postgres connection "model.analytics_edz.faturamento_modelo"
[0m12:53:15.290053 [debug] [Thread-1 (]: Began compiling node model.analytics_edz.faturamento_ano
[0m12:53:15.290288 [debug] [Thread-2 (]: Began compiling node model.analytics_edz.faturamento_modelo
[0m12:53:15.290547 [debug] [Thread-1 (]: Compiling model.analytics_edz.faturamento_ano
[0m12:53:15.290729 [debug] [Thread-2 (]: Compiling model.analytics_edz.faturamento_modelo
[0m12:53:15.292100 [debug] [Thread-1 (]: Writing injected SQL for node "model.analytics_edz.faturamento_ano"
[0m12:53:15.296318 [debug] [Thread-2 (]: Writing injected SQL for node "model.analytics_edz.faturamento_modelo"
[0m12:53:15.296818 [debug] [Thread-1 (]: finished collecting timing info
[0m12:53:15.296976 [debug] [Thread-2 (]: finished collecting timing info
[0m12:53:15.297156 [debug] [Thread-1 (]: Began executing node model.analytics_edz.faturamento_ano
[0m12:53:15.297306 [debug] [Thread-2 (]: Began executing node model.analytics_edz.faturamento_modelo
[0m12:53:15.386228 [debug] [Thread-1 (]: Writing runtime sql for node "model.analytics_edz.faturamento_ano"
[0m12:53:15.386573 [debug] [Thread-2 (]: Writing runtime sql for node "model.analytics_edz.faturamento_modelo"
[0m12:53:15.387151 [debug] [Thread-2 (]: Using postgres connection "model.analytics_edz.faturamento_modelo"
[0m12:53:15.387355 [debug] [Thread-1 (]: Using postgres connection "model.analytics_edz.faturamento_ano"
[0m12:53:15.387480 [debug] [Thread-2 (]: On model.analytics_edz.faturamento_modelo: BEGIN
[0m12:53:15.387615 [debug] [Thread-1 (]: On model.analytics_edz.faturamento_ano: BEGIN
[0m12:53:15.387743 [debug] [Thread-2 (]: Opening a new connection, currently in state init
[0m12:53:15.387888 [debug] [Thread-1 (]: Opening a new connection, currently in state closed
[0m12:53:16.605061 [debug] [Thread-2 (]: SQL status: BEGIN in 1.22 seconds
[0m12:53:16.605333 [debug] [Thread-2 (]: Using postgres connection "model.analytics_edz.faturamento_modelo"
[0m12:53:16.605479 [debug] [Thread-2 (]: On model.analytics_edz.faturamento_modelo: /* {"app": "dbt", "dbt_version": "1.3.0b1", "profile_name": "analytics_edz", "target_name": "dev", "node_id": "model.analytics_edz.faturamento_modelo"} */

  
    

  create  table "coins"."public"."faturamento_modelo__dbt_tmp"
  as (
    with faturamento_model as (

    select pro.model as "Model"
          ,sum(pro.price) as "Faturamento"
    from public.airbyte_purchases pur inner join airbyte_products pro
    on pur.product_id = pro.id
    group by pro.model
    order by 2 desc

)

select * from faturamento_model
  );
  
[0m12:53:16.607474 [debug] [Thread-1 (]: SQL status: BEGIN in 1.22 seconds
[0m12:53:16.607754 [debug] [Thread-1 (]: Using postgres connection "model.analytics_edz.faturamento_ano"
[0m12:53:16.607891 [debug] [Thread-1 (]: On model.analytics_edz.faturamento_ano: /* {"app": "dbt", "dbt_version": "1.3.0b1", "profile_name": "analytics_edz", "target_name": "dev", "node_id": "model.analytics_edz.faturamento_ano"} */

  
    

  create  table "coins"."public"."faturamento_ano__dbt_tmp"
  as (
    with faturamento_ano as (

    select DATE_PART('year', purchased_at ) AS "Ano"
        ,sum(ap.price) as "Faturameto"
    from public.airbyte_purchases pur inner join airbyte_products ap
    on pur.product_id = ap.id
    group by 1
    order by 1

)


select * from faturamento_ano
  );
  
[0m12:53:16.745865 [debug] [Thread-1 (]: SQL status: SELECT 41 in 0.14 seconds
[0m12:53:16.751015 [debug] [Thread-1 (]: Using postgres connection "model.analytics_edz.faturamento_ano"
[0m12:53:16.751208 [debug] [Thread-2 (]: SQL status: SELECT 92 in 0.15 seconds
[0m12:53:16.751420 [debug] [Thread-1 (]: On model.analytics_edz.faturamento_ano: /* {"app": "dbt", "dbt_version": "1.3.0b1", "profile_name": "analytics_edz", "target_name": "dev", "node_id": "model.analytics_edz.faturamento_ano"} */
alter table "coins"."public"."faturamento_ano" rename to "faturamento_ano__dbt_backup"
[0m12:53:16.753447 [debug] [Thread-2 (]: Using postgres connection "model.analytics_edz.faturamento_modelo"
[0m12:53:16.753704 [debug] [Thread-2 (]: On model.analytics_edz.faturamento_modelo: /* {"app": "dbt", "dbt_version": "1.3.0b1", "profile_name": "analytics_edz", "target_name": "dev", "node_id": "model.analytics_edz.faturamento_modelo"} */
alter table "coins"."public"."faturamento_modelo__dbt_tmp" rename to "faturamento_modelo"
[0m12:53:16.887586 [debug] [Thread-2 (]: SQL status: ALTER TABLE in 0.13 seconds
[0m12:53:16.893087 [debug] [Thread-1 (]: SQL status: ALTER TABLE in 0.14 seconds
[0m12:53:16.905663 [debug] [Thread-2 (]: On model.analytics_edz.faturamento_modelo: COMMIT
[0m12:53:16.907918 [debug] [Thread-1 (]: Using postgres connection "model.analytics_edz.faturamento_ano"
[0m12:53:16.908148 [debug] [Thread-2 (]: Using postgres connection "model.analytics_edz.faturamento_modelo"
[0m12:53:16.908297 [debug] [Thread-1 (]: On model.analytics_edz.faturamento_ano: /* {"app": "dbt", "dbt_version": "1.3.0b1", "profile_name": "analytics_edz", "target_name": "dev", "node_id": "model.analytics_edz.faturamento_ano"} */
alter table "coins"."public"."faturamento_ano__dbt_tmp" rename to "faturamento_ano"
[0m12:53:16.908431 [debug] [Thread-2 (]: On model.analytics_edz.faturamento_modelo: COMMIT
[0m12:53:17.042492 [debug] [Thread-1 (]: SQL status: ALTER TABLE in 0.13 seconds
[0m12:53:17.046594 [debug] [Thread-1 (]: On model.analytics_edz.faturamento_ano: COMMIT
[0m12:53:17.047286 [debug] [Thread-2 (]: SQL status: COMMIT in 0.14 seconds
[0m12:53:17.048063 [debug] [Thread-1 (]: Using postgres connection "model.analytics_edz.faturamento_ano"
[0m12:53:17.052869 [debug] [Thread-2 (]: Using postgres connection "model.analytics_edz.faturamento_modelo"
[0m12:53:17.053152 [debug] [Thread-1 (]: On model.analytics_edz.faturamento_ano: COMMIT
[0m12:53:17.053404 [debug] [Thread-2 (]: On model.analytics_edz.faturamento_modelo: /* {"app": "dbt", "dbt_version": "1.3.0b1", "profile_name": "analytics_edz", "target_name": "dev", "node_id": "model.analytics_edz.faturamento_modelo"} */
drop table if exists "coins"."public"."faturamento_modelo__dbt_backup" cascade
[0m12:53:17.187283 [debug] [Thread-2 (]: SQL status: DROP TABLE in 0.13 seconds
[0m12:53:17.188740 [debug] [Thread-2 (]: finished collecting timing info
[0m12:53:17.188917 [debug] [Thread-1 (]: SQL status: COMMIT in 0.14 seconds
[0m12:53:17.189148 [debug] [Thread-2 (]: On model.analytics_edz.faturamento_modelo: Close
[0m12:53:17.190813 [debug] [Thread-1 (]: Using postgres connection "model.analytics_edz.faturamento_ano"
[0m12:53:17.191059 [debug] [Thread-1 (]: On model.analytics_edz.faturamento_ano: /* {"app": "dbt", "dbt_version": "1.3.0b1", "profile_name": "analytics_edz", "target_name": "dev", "node_id": "model.analytics_edz.faturamento_ano"} */
drop table if exists "coins"."public"."faturamento_ano__dbt_backup" cascade
[0m12:53:17.191493 [debug] [Thread-2 (]: Sending event: {'category': 'dbt', 'action': 'run_model', 'label': 'b61fe64e-7711-4794-a3d3-ae43ea4097d2', 'context': [<snowplow_tracker.self_describing_json.SelfDescribingJson object at 0x7fda6a7cff10>]}
[0m12:53:17.191917 [info ] [Thread-2 (]: 2 of 2 OK created sql table model public.faturamento_modelo .................... [[32mSELECT 92[0m in 1.90s]
[0m12:53:17.192294 [debug] [Thread-2 (]: Finished running node model.analytics_edz.faturamento_modelo
[0m12:53:17.327195 [debug] [Thread-1 (]: SQL status: DROP TABLE in 0.14 seconds
[0m12:53:17.328291 [debug] [Thread-1 (]: finished collecting timing info
[0m12:53:17.328837 [debug] [Thread-1 (]: On model.analytics_edz.faturamento_ano: Close
[0m12:53:17.329414 [debug] [Thread-1 (]: Sending event: {'category': 'dbt', 'action': 'run_model', 'label': 'b61fe64e-7711-4794-a3d3-ae43ea4097d2', 'context': [<snowplow_tracker.self_describing_json.SelfDescribingJson object at 0x7fda6a7b9330>]}
[0m12:53:17.329705 [info ] [Thread-1 (]: 1 of 2 OK created sql table model public.faturamento_ano ....................... [[32mSELECT 41[0m in 2.04s]
[0m12:53:17.330078 [debug] [Thread-1 (]: Finished running node model.analytics_edz.faturamento_ano
[0m12:53:17.331074 [debug] [MainThread]: Acquiring new postgres connection "master"
[0m12:53:17.331292 [debug] [MainThread]: Using postgres connection "master"
[0m12:53:17.331437 [debug] [MainThread]: On master: BEGIN
[0m12:53:17.331552 [debug] [MainThread]: Opening a new connection, currently in state closed
[0m12:53:18.611808 [debug] [MainThread]: SQL status: BEGIN in 1.28 seconds
[0m12:53:18.612152 [debug] [MainThread]: On master: COMMIT
[0m12:53:18.612303 [debug] [MainThread]: Using postgres connection "master"
[0m12:53:18.612430 [debug] [MainThread]: On master: COMMIT
[0m12:53:18.751543 [debug] [MainThread]: SQL status: COMMIT in 0.14 seconds
[0m12:53:18.751876 [debug] [MainThread]: On master: Close
[0m12:53:18.752518 [info ] [MainThread]: 
[0m12:53:18.752808 [info ] [MainThread]: Finished running 2 table models in 0 hours 0 minutes and 8.21 seconds (8.21s).
[0m12:53:18.753149 [debug] [MainThread]: Connection 'master' was properly closed.
[0m12:53:18.753352 [debug] [MainThread]: Connection 'model.analytics_edz.faturamento_ano' was properly closed.
[0m12:53:18.753556 [debug] [MainThread]: Connection 'model.analytics_edz.faturamento_modelo' was properly closed.
[0m12:53:18.760279 [info ] [MainThread]: 
[0m12:53:18.760610 [info ] [MainThread]: [32mCompleted successfully[0m
[0m12:53:18.760994 [info ] [MainThread]: 
[0m12:53:18.761342 [info ] [MainThread]: Done. PASS=2 WARN=0 ERROR=0 SKIP=0 TOTAL=2
[0m12:53:18.761751 [debug] [MainThread]: Sending event: {'category': 'dbt', 'action': 'invocation', 'label': 'end', 'context': [<snowplow_tracker.self_describing_json.SelfDescribingJson object at 0x7fda6a326290>, <snowplow_tracker.self_describing_json.SelfDescribingJson object at 0x7fda6a3271c0>, <snowplow_tracker.self_describing_json.SelfDescribingJson object at 0x7fda6a3264a0>]}
[0m12:53:18.762143 [debug] [MainThread]: Flushing usage events
